0 verbose cli C:\Program Files\nodejs\node.exe C:\Users\rocks\AppData\Roaming\npm\node_modules\npm\bin\npm-cli.js
1 info using npm@9.6.0
2 info using node@v18.14.0
3 timing npm:load:whichnode Completed in 2ms
4 timing config:load:defaults Completed in 3ms
5 timing config:load:file:C:\Users\rocks\AppData\Roaming\npm\node_modules\npm\npmrc Completed in 4ms
6 timing config:load:builtin Completed in 4ms
7 timing config:load:cli Completed in 3ms
8 timing config:load:env Completed in 1ms
9 timing config:load:file:C:\Users\rocks\OneDrive\Desktop\JS-HTTP\.npmrc Completed in 1ms
10 timing config:load:project Completed in 8ms
11 timing config:load:file:C:\Users\rocks\.npmrc Completed in 2ms
12 timing config:load:user Completed in 2ms
13 timing config:load:file:C:\Users\rocks\AppData\Roaming\npm\etc\npmrc Completed in 1ms
14 timing config:load:global Completed in 1ms
15 timing config:load:setEnvs Completed in 2ms
16 timing config:load Completed in 24ms
17 timing npm:load:configload Completed in 24ms
18 timing npm:load:mkdirpcache Completed in 1ms
19 timing npm:load:mkdirplogs Completed in 1ms
20 verbose title npm version patch
21 verbose argv "version" "patch"
22 timing npm:load:setTitle Completed in 2ms
23 timing config:load:flatten Completed in 10ms
24 timing npm:load:display Completed in 12ms
25 verbose logfile logs-max:10 dir:C:\Users\rocks\AppData\Local\npm-cache\_logs\2023-09-28T04_46_40_927Z-
26 verbose logfile C:\Users\rocks\AppData\Local\npm-cache\_logs\2023-09-28T04_46_40_927Z-debug-0.log
27 timing npm:load:logFile Completed in 9ms
28 timing npm:load:timers Completed in 0ms
29 timing npm:load:configScope Completed in 0ms
30 timing npm:load Completed in 53ms
31 silly logfile start cleaning logs, removing 2 files
32 silly logfile done cleaning log files
33 timing command:version Completed in 84ms
34 verbose stack Error: Git working directory not clean.
34 verbose stack     at module.exports (C:\Users\rocks\AppData\Roaming\npm\node_modules\npm\node_modules\libnpmversion\lib\enforce-clean.js:26:13)
34 verbose stack     at async module.exports (C:\Users\rocks\AppData\Roaming\npm\node_modules\npm\node_modules\libnpmversion\lib\version.js:60:46)
34 verbose stack     at async Version.change (C:\Users\rocks\AppData\Roaming\npm\node_modules\npm\lib\commands\version.js:77:21)
34 verbose stack     at async module.exports (C:\Users\rocks\AppData\Roaming\npm\node_modules\npm\lib\cli.js:134:5)
35 verbose cwd C:\Users\rocks\OneDrive\Desktop\JS-HTTP
36 verbose Windows_NT 10.0.22000
37 verbose node v18.14.0
38 verbose npm  v9.6.0
39 error Git working directory not clean.
40 verbose exit 1
41 timing npm Completed in 190ms
42 verbose code 1
43 error A complete log of this run can be found in:
43 error     C:\Users\rocks\AppData\Local\npm-cache\_logs\2023-09-28T04_46_40_927Z-debug-0.log